[LOG] System::create                           : Header version = 2.00.10. Current version = 2.00.10.
[LOG] Manager::init                            : maxchannels = 256 studioflags = 00000006 flags 00000000 extradriverdata 0000000000000000.
[LOG] SystemI::init                            : Initialize version=20010 (110198), maxchannels=256, flags=0x00020000
[LOG] SystemI::setOutputInternal               : Setting output to 'FMOD WASAPI Output'
[LOG] OutputWASAPI::init                       : Mix Format (WAVEFORMATEX): wFormatTag=0xFFFE, nChannels=2, nSamplesPerSec=48000, nAvgBytesPerSec=384000, nBlockAlign=8, wBitsPerSample=32, cbSize=22.
[LOG] OutputWASAPI::init                       : Mix Format (WAVEFORMATEXTENSIBLE): wValidBitsPerSample=32, dwChannelMask=0x00000003, SubFormat=00000003-0000-0010-8000-00AA00389B71.
[LOG] OutputWASAPI::init                       : Output buffer size: 4096 samples, latency: 0.00ms, period: 10.00ms, DSP buffer: 1024 * 4
[LOG] Thread::initThread                       : Init FMOD stream thread. Priority: 2, Stack Size: 98304, Semaphore: No, Sleep Time: 10, Looping: Yes.
[LOG] Thread::initThread                       : Init FMOD mixer thread. Priority: 3, Stack Size: 81920, Semaphore: No, Sleep Time: 0, Looping: Yes.
[LOG] AsyncManager::init                       : manager 000001526D758AD8 isAsync 0 updatePeriod 0.02
[LOG] AsyncManager::init                       : done
[LOG] PlaybackSystem::init                     : 
[LOG] Thread::initThread                       : Init FMOD Studio sample load thread. Priority: 0, Stack Size: 98304, Semaphore: No, Sleep Time: 1, Looping: No.
[LOG] PlaybackSystem::init                     : done
[LOG] Thread::initThread                       : Init FMOD Studio bank load thread. Priority: 0, Stack Size: 98304, Semaphore: No, Sleep Time: 1, Looping: No.
[LOG] Manager::init                            : done.
[LOG] Manager::readBank                        : fileversion = 100, compatVersion = 99 (oldest = 44, newest = 125)
[LOG] Manager::readBank                        : fileversion = 100, compatVersion = 99 (oldest = 44, newest = 125)
[LOG] Manager::readBank                        : fileversion = 100, compatVersion = 99 (oldest = 44, newest = 125)
[LOG] Manager::readBank                        : fileversion = 100, compatVersion = 99 (oldest = 44, newest = 125)
[LOG] Manager::readBank                        : fileversion = 100, compatVersion = 99 (oldest = 44, newest = 125)
[LOG] PlaybackSystem::acquireMasterBus         : Setting master channel group format to 6
[LOG] Manager::readBank                        : fileversion = 100, compatVersion = 99 (oldest = 44, newest = 125)
[LOG] Manager::readBank                        : fileversion = 100, compatVersion = 99 (oldest = 44, newest = 125)
[LOG] Manager::readBank                        : fileversion = 100, compatVersion = 99 (oldest = 44, newest = 125)
[LOG] PlaybackSystem::acquireMasterBus         : Setting master channel group format to 6
[LOG] Manager::readBank                        : fileversion = 100, compatVersion = 99 (oldest = 44, newest = 125)
[LOG] SystemI::createSound                     : filename = FMOD Project File (Audio Design)/Build/Desktop/Music Bank.bank : mode 02010082
[LOG] SystemI::createSound                     : FMOD_NONBLOCKING specified.  Putting into queue to be opened asynchronously!
[LOG] Thread::initThread                       : Init FMOD nonblocking thread (0). Priority: 1, Stack Size: 114688, Semaphore: Yes, Sleep Time: 0, Looping: Yes.
[LOG] SystemI::createSound                     : setdata soundi = 00000154D03DE578 : node = 00000154130BBED0
[LOG] SystemI::createSound                     : add node to async list : head = 00000154CE0359F8.  list count = 0
[LOG] AsyncThread::threadFunc                  : Starting Asynchronous operation on sound 00000154D03DE578
[LOG] SystemI::createSoundInternal             :     Create name='FMOD Project File (Audio Design)/Build/Desktop/Music Bank.bank', mode=0x02010082
[LOG] SystemI::createSoundInternal             :     exinfo->cbsize             = 224
[LOG] SystemI::createSoundInternal             :     exinfo->length             = 1652736
[LOG] SystemI::createSoundInternal             :     exinfo->fileoffset         = 3552
[LOG] SystemI::createSoundInternal             :     exinfo->numsubsounds       = 1
[LOG] SystemI::createSoundInternal             :     exinfo->inclusionlist      = 00000154130BBFE0
[LOG] SystemI::createSoundInternal             :     exinfo->inclusionlistnum   = 1
[LOG] SystemI::createSoundInternal             :     exinfo->suggestedsoundtype = 5
[LOG] SystemI::createSoundInternal             :     exinfo->initialseekpostype = 1
[LOG] SystemI::createSoundInternal             :     Stream 0/1: name='gamejam_gameplay_mako', format=2, channels=2, frequency=48000, lengthbytes=459104, lengthpcm=1481142, pcmblocksize=0, loopstart=0, loopend=0, mode=0x00000000, channelmask=0x00000000, channelorder=0, peakvolume=0.523597.
[LOG] Thread::initThread                       :     Init FMOD file thread. Priority: 1, Stack Size: 49152, Semaphore: No, Sleep Time: 10, Looping: Yes.
[LOG] AsyncThread::threadFunc                  : Finished Asynchronous operation on sound 00000154D03DE578
[LOG] SoundI::getSubSound                      : sound 00000154D03DE578.  Subsound index 0 / 1
[LOG] SoundI::release                          : gamejam_gameplay_mako (00000154D03DE578)
[LOG] SoundI::release                          :     gamejam_gameplay_mako (00000154CE0360C8)
[LOG] SoundI::release                          :     gamejam_gameplay_mako (00000154D03DEC38)
[LOG] Manager::readBank                        : fileversion = 100, compatVersion = 99 (oldest = 44, newest = 125)
[LOG] PlaybackSystem::acquireMasterBus         : Setting master channel group format to 6
[LOG] Manager::readBank                        : fileversion = 100, compatVersion = 99 (oldest = 44, newest = 125)
[LOG] SystemI::createSound                     : filename = FMOD Project File (Audio Design)/Build/Desktop/Music Bank.bank : mode 02010082
[LOG] SystemI::createSound                     : FMOD_NONBLOCKING specified.  Putting into queue to be opened asynchronously!
[LOG] SystemI::createSound                     : setdata soundi = 00000154D03DEF98 : node = 000001542AEE8A20
[LOG] SystemI::createSound                     : add node to async list : head = 00000154CE0359F8.  list count = 0
[LOG] AsyncThread::threadFunc                  : Starting Asynchronous operation on sound 00000154D03DEF98
[LOG] SystemI::createSoundInternal             :     Create name='FMOD Project File (Audio Design)/Build/Desktop/Music Bank.bank', mode=0x02010082
[LOG] SystemI::createSoundInternal             :     exinfo->cbsize             = 224
[LOG] SystemI::createSoundInternal             :     exinfo->length             = 1652736
[LOG] SystemI::createSoundInternal             :     exinfo->fileoffset         = 3552
[LOG] SystemI::createSoundInternal             :     exinfo->numsubsounds       = 1
[LOG] SystemI::createSoundInternal             :     exinfo->inclusionlist      = 000001542AEE8B30
[LOG] SystemI::createSoundInternal             :     exinfo->inclusionlistnum   = 1
[LOG] SystemI::createSoundInternal             :     exinfo->suggestedsoundtype = 5
[LOG] SystemI::createSoundInternal             :     exinfo->initialseekpostype = 1
[LOG] SystemI::createSoundInternal             :     Stream 0/1: name='Zen Gameplay Track 1', format=2, channels=2, frequency=48000, lengthbytes=479968, lengthpcm=1466182, pcmblocksize=0, loopstart=0, loopend=0, mode=0x00000000, channelmask=0x00000000, channelorder=0, peakvolume=0.461253.
[LOG] AsyncThread::threadFunc                  : Finished Asynchronous operation on sound 00000154D03DEF98
[LOG] SoundI::getSubSound                      : sound 00000154D03DEF98.  Subsound index 0 / 1
[LOG] SystemI::createSound                     : filename = FMOD Project File (Audio Design)/Build/Desktop/Music Bank.bank : mode 02010082
[LOG] SystemI::createSound                     : FMOD_NONBLOCKING specified.  Putting into queue to be opened asynchronously!
[LOG] SystemI::createSound                     : setdata soundi = 0000015425308EE8 : node = 00000154130BBED0
[LOG] SystemI::createSound                     : add node to async list : head = 00000154CE0359F8.  list count = 0
[LOG] AsyncThread::threadFunc                  : Starting Asynchronous operation on sound 0000015425308EE8
[LOG] SystemI::createSoundInternal             :     Create name='FMOD Project File (Audio Design)/Build/Desktop/Music Bank.bank', mode=0x02010082
[LOG] SystemI::createSoundInternal             :     exinfo->cbsize             = 224
[LOG] SystemI::createSoundInternal             :     exinfo->length             = 1652736
[LOG] SystemI::createSoundInternal             :     exinfo->fileoffset         = 3552
[LOG] SystemI::createSoundInternal             :     exinfo->numsubsounds       = 1
[LOG] SystemI::createSoundInternal             :     exinfo->inclusionlist      = 00000154130BBFE0
[LOG] SystemI::createSoundInternal             :     exinfo->inclusionlistnum   = 1
[LOG] SystemI::createSoundInternal             :     exinfo->suggestedsoundtype = 5
[LOG] SystemI::createSoundInternal             :     exinfo->initialseekpostype = 1
[LOG] SystemI::createSoundInternal             :     Stream 0/1: name='Zen Gameplay Track 1', format=2, channels=2, frequency=48000, lengthbytes=479968, lengthpcm=1466182, pcmblocksize=0, loopstart=0, loopend=0, mode=0x00000000, channelmask=0x00000000, channelorder=0, peakvolume=0.461253.
[LOG] AsyncThread::threadFunc                  : Finished Asynchronous operation on sound 0000015425308EE8
[LOG] SoundI::getSubSound                      : sound 0000015425308EE8.  Subsound index 0 / 1
[LOG] SoundI::release                          : Zen Gameplay Track 1 (00000154D03DEF98)
[LOG] SoundI::release                          :     Zen Gameplay Track 1 (00000153CE097B88)
[LOG] SoundI::release                          :     Zen Gameplay Track 1 (00000154D03DFD18)
[LOG] SystemI::createSound                     : filename = FMOD Project File (Audio Design)/Build/Desktop/Music Bank.bank : mode 02010082
[LOG] SystemI::createSound                     : FMOD_NONBLOCKING specified.  Putting into queue to be opened asynchronously!
[LOG] SystemI::createSound                     : setdata soundi = 00000154D03DEC38 : node = 000001542AEE8A20
[LOG] SystemI::createSound                     : add node to async list : head = 00000154CE0359F8.  list count = 0
[LOG] AsyncThread::threadFunc                  : Starting Asynchronous operation on sound 00000154D03DEC38
[LOG] SystemI::createSoundInternal             :     Create name='FMOD Project File (Audio Design)/Build/Desktop/Music Bank.bank', mode=0x02010082
[LOG] SystemI::createSoundInternal             :     exinfo->cbsize             = 224
[LOG] SystemI::createSoundInternal             :     exinfo->length             = 1652736
[LOG] SystemI::createSoundInternal             :     exinfo->fileoffset         = 3552
[LOG] SystemI::createSoundInternal             :     exinfo->numsubsounds       = 1
[LOG] SystemI::createSoundInternal             :     exinfo->inclusionlist      = 000001542AEE8B30
[LOG] SystemI::createSoundInternal             :     exinfo->inclusionlistnum   = 1
[LOG] SystemI::createSoundInternal             :     exinfo->suggestedsoundtype = 5
[LOG] SystemI::createSoundInternal             :     exinfo->initialseekpostype = 1
[LOG] SystemI::createSoundInternal             :     Stream 0/1: name='Zen Gameplay Track 1', format=2, channels=2, frequency=48000, lengthbytes=479968, lengthpcm=1466182, pcmblocksize=0, loopstart=0, loopend=0, mode=0x00000000, channelmask=0x00000000, channelorder=0, peakvolume=0.461253.
[LOG] AsyncThread::threadFunc                  : Finished Asynchronous operation on sound 00000154D03DEC38
[LOG] SoundI::getSubSound                      : sound 00000154D03DEC38.  Subsound index 0 / 1
[LOG] SoundI::release                          : Zen Gameplay Track 1 (0000015425308EE8)
[LOG] SoundI::release                          :     Zen Gameplay Track 1 (000001542A4F5F78)
[LOG] SoundI::release                          :     Zen Gameplay Track 1 (0000015425309AB8)
[LOG] SoundI::release                          : Zen Gameplay Track 1 (00000154D03DEC38)
[LOG] SoundI::release                          :     Zen Gameplay Track 1 (000001542A4F6118)
[LOG] SoundI::release                          :     Zen Gameplay Track 1 (00000154D03DFD18)
[LOG] Manager::readBank                        : fileversion = 100, compatVersion = 99 (oldest = 44, newest = 125)
[LOG] PlaybackSystem::acquireMasterBus         : Setting master channel group format to 6
[LOG] Manager::readBank                        : fileversion = 100, compatVersion = 99 (oldest = 44, newest = 125)
[LOG] SystemI::createSoundInternal             : Create name='', mode=0x02000202
[LOG] SystemI::createSoundInternal             : exinfo->cbsize             = 224
[LOG] SystemI::createSoundInternal             : exinfo->length             = 338848
[LOG] SystemI::createSoundInternal             : exinfo->fileoffset         = 5824
[LOG] SystemI::createSoundInternal             : exinfo->numsubsounds       = 1
[LOG] SystemI::createSoundInternal             : exinfo->inclusionlist      = 0000004B052FF23C
[LOG] SystemI::createSoundInternal             : exinfo->inclusionlistnum   = 1
[LOG] SystemI::createSoundInternal             : exinfo->suggestedsoundtype = 5
[LOG] SystemI::createSoundInternal             : exinfo->useropen           = 00007FFAEBEBC2D0
[LOG] SystemI::createSoundInternal             : exinfo->userclose          = 00007FFAEBEBC2A0
[LOG] SystemI::createSoundInternal             : exinfo->userread           = 00007FFAEBEBC3A0
[LOG] SystemI::createSoundInternal             : exinfo->userseek           = 00007FFAEBEBC460
[LOG] SystemI::createSoundInternal             : exinfo->fileuserdata       = 000001542838FA98
[LOG] SystemI::createSoundInternal             : exinfo->initialseekpostype = 1
[LOG] SystemI::DSPCodecPoolRegister            : register codec pool for pool type 5
[LOG] SystemI::createSoundInternal             : Sample 0/1: name='Ghost Noise 1', format=2, channels=2, frequency=48000, lengthbytes=29856, lengthpcm=169966, pcmblocksize=0, loopstart=0, loopend=0, mode=0x00000000, channelmask=0x00000000, channelorder=0, peakvolume=0.077187.
[LOG] SystemI::createSoundInternal             : Create name='', mode=0x02000202
[LOG] SystemI::createSoundInternal             : exinfo->cbsize             = 224
[LOG] SystemI::createSoundInternal             : exinfo->length             = 338848
[LOG] SystemI::createSoundInternal             : exinfo->fileoffset         = 5824
[LOG] SystemI::createSoundInternal             : exinfo->numsubsounds       = 1
[LOG] SystemI::createSoundInternal             : exinfo->inclusionlist      = 0000004B052FF23C
[LOG] SystemI::createSoundInternal             : exinfo->inclusionlistnum   = 1
[LOG] SystemI::createSoundInternal             : exinfo->suggestedsoundtype = 5
[LOG] SystemI::createSoundInternal             : exinfo->useropen           = 00007FFAEBEBC2D0
[LOG] SystemI::createSoundInternal             : exinfo->userclose          = 00007FFAEBEBC2A0
[LOG] SystemI::createSoundInternal             : exinfo->userread           = 00007FFAEBEBC3A0
[LOG] SystemI::createSoundInternal             : exinfo->userseek           = 00007FFAEBEBC460
[LOG] SystemI::createSoundInternal             : exinfo->fileuserdata       = 000001542838FA98
[LOG] SystemI::createSoundInternal             : exinfo->initialseekpostype = 1
[LOG] SystemI::DSPCodecPoolRegister            : register codec pool for pool type 5
[LOG] SystemI::createSoundInternal             : Sample 0/1: name='Ghost Noise 3', format=2, channels=2, frequency=48000, lengthbytes=36416, lengthpcm=168000, pcmblocksize=0, loopstart=0, loopend=0, mode=0x00000000, channelmask=0x00000000, channelorder=0, peakvolume=0.100082.
[LOG] SystemI::createSoundInternal             : Create name='', mode=0x02000202
[LOG] SystemI::createSoundInternal             : exinfo->cbsize             = 224
[LOG] SystemI::createSoundInternal             : exinfo->length             = 338848
[LOG] SystemI::createSoundInternal             : exinfo->fileoffset         = 5824
[LOG] SystemI::createSoundInternal             : exinfo->numsubsounds       = 1
[LOG] SystemI::createSoundInternal             : exinfo->inclusionlist      = 0000004B052FF23C
[LOG] SystemI::createSoundInternal             : exinfo->inclusionlistnum   = 1
[LOG] SystemI::createSoundInternal             : exinfo->suggestedsoundtype = 5
[LOG] SystemI::createSoundInternal             : exinfo->useropen           = 00007FFAEBEBC2D0
[LOG] SystemI::createSoundInternal             : exinfo->userclose          = 00007FFAEBEBC2A0
[LOG] SystemI::createSoundInternal             : exinfo->userread           = 00007FFAEBEBC3A0
[LOG] SystemI::createSoundInternal             : exinfo->userseek           = 00007FFAEBEBC460
[LOG] SystemI::createSoundInternal             : exinfo->fileuserdata       = 000001542838FA98
[LOG] SystemI::createSoundInternal             : exinfo->initialseekpostype = 1
[LOG] SystemI::DSPCodecPoolRegister            : register codec pool for pool type 5
[LOG] SystemI::createSoundInternal             : Sample 0/1: name='Ghost Noise 5', format=2, channels=2, frequency=48000, lengthbytes=37888, lengthpcm=168000, pcmblocksize=0, loopstart=0, loopend=0, mode=0x00000000, channelmask=0x00000000, channelorder=0, peakvolume=0.051395.
[LOG] SystemI::createSoundInternal             : Create name='', mode=0x02000202
[LOG] SystemI::createSoundInternal             : exinfo->cbsize             = 224
[LOG] SystemI::createSoundInternal             : exinfo->length             = 338848
[LOG] SystemI::createSoundInternal             : exinfo->fileoffset         = 5824
[LOG] SystemI::createSoundInternal             : exinfo->numsubsounds       = 1
[LOG] SystemI::createSoundInternal             : exinfo->inclusionlist      = 0000004B052FF23C
[LOG] SystemI::createSoundInternal             : exinfo->inclusionlistnum   = 1
[LOG] SystemI::createSoundInternal             : exinfo->suggestedsoundtype = 5
[LOG] SystemI::createSoundInternal             : exinfo->useropen           = 00007FFAEBEBC2D0
[LOG] SystemI::createSoundInternal             : exinfo->userclose          = 00007FFAEBEBC2A0
[LOG] SystemI::createSoundInternal             : exinfo->userread           = 00007FFAEBEBC3A0
[LOG] SystemI::createSoundInternal             : exinfo->userseek           = 00007FFAEBEBC460
[LOG] SystemI::createSoundInternal             : exinfo->fileuserdata       = 000001542838FA98
[LOG] SystemI::createSoundInternal             : exinfo->initialseekpostype = 1
[LOG] SystemI::DSPCodecPoolRegister            : register codec pool for pool type 5
[LOG] SystemI::createSoundInternal             : Sample 0/1: name='Ghost Noise 6', format=2, channels=2, frequency=48000, lengthbytes=35968, lengthpcm=168000, pcmblocksize=0, loopstart=0, loopend=0, mode=0x00000000, channelmask=0x00000000, channelorder=0, peakvolume=0.352398.
[LOG] SystemI::createSoundInternal             : Create name='', mode=0x02000202
[LOG] SystemI::createSoundInternal             : exinfo->cbsize             = 224
[LOG] SystemI::createSoundInternal             : exinfo->length             = 338848
[LOG] SystemI::createSoundInternal             : exinfo->fileoffset         = 5824
[LOG] SystemI::createSoundInternal             : exinfo->numsubsounds       = 1
[LOG] SystemI::createSoundInternal             : exinfo->inclusionlist      = 0000004B052FF23C
[LOG] SystemI::createSoundInternal             : exinfo->inclusionlistnum   = 1
[LOG] SystemI::createSoundInternal             : exinfo->suggestedsoundtype = 5
[LOG] SystemI::createSoundInternal             : exinfo->useropen           = 00007FFAEBEBC2D0
[LOG] SystemI::createSoundInternal             : exinfo->userclose          = 00007FFAEBEBC2A0
[LOG] SystemI::createSoundInternal             : exinfo->userread           = 00007FFAEBEBC3A0
[LOG] SystemI::createSoundInternal             : exinfo->userseek           = 00007FFAEBEBC460
[LOG] SystemI::createSoundInternal             : exinfo->fileuserdata       = 000001542838FA98
[LOG] SystemI::createSoundInternal             : exinfo->initialseekpostype = 1
[LOG] SystemI::DSPCodecPoolRegister            : register codec pool for pool type 5
[LOG] SystemI::createSoundInternal             : Sample 0/1: name='Ghost Noise 4 ', format=2, channels=2, frequency=48000, lengthbytes=37824, lengthpcm=168000, pcmblocksize=0, loopstart=0, loopend=0, mode=0x00000000, channelmask=0x00000000, channelorder=0, peakvolume=0.114870.
[LOG] SystemI::createSoundInternal             : Create name='', mode=0x02000202
[LOG] SystemI::createSoundInternal             : exinfo->cbsize             = 224
[LOG] SystemI::createSoundInternal             : exinfo->length             = 338848
[LOG] SystemI::createSoundInternal             : exinfo->fileoffset         = 5824
[LOG] SystemI::createSoundInternal             : exinfo->numsubsounds       = 1
[LOG] SystemI::createSoundInternal             : exinfo->inclusionlist      = 0000004B052FF23C
[LOG] SystemI::createSoundInternal             : exinfo->inclusionlistnum   = 1
[LOG] SystemI::createSoundInternal             : exinfo->suggestedsoundtype = 5
[LOG] SystemI::createSoundInternal             : exinfo->useropen           = 00007FFAEBEBC2D0
[LOG] SystemI::createSoundInternal             : exinfo->userclose          = 00007FFAEBEBC2A0
[LOG] SystemI::createSoundInternal             : exinfo->userread           = 00007FFAEBEBC3A0
[LOG] SystemI::createSoundInternal             : exinfo->userseek           = 00007FFAEBEBC460
[LOG] SystemI::createSoundInternal             : exinfo->fileuserdata       = 000001542838FA98
[LOG] SystemI::createSoundInternal             : exinfo->initialseekpostype = 1
[LOG] SystemI::DSPCodecPoolRegister            : register codec pool for pool type 5
[LOG] SystemI::createSoundInternal             : Sample 0/1: name='Ghost Noise 2', format=2, channels=2, frequency=48000, lengthbytes=36960, lengthpcm=168000, pcmblocksize=0, loopstart=0, loopend=0, mode=0x00000000, channelmask=0x00000000, channelorder=0, peakvolume=0.165667.
[LOG] SoundI::release                          :  (00000154D02B6A88)
[LOG] SoundI::release                          :     Ghost Noise 1 (000001542A4F7B18)
[LOG] SoundI::release                          :  (00000154D02B61E8)
[LOG] SoundI::release                          :     Ghost Noise 2 (000001542A4F7CB8)
[LOG] SoundI::release                          :  (00000154D02B6638)
[LOG] SoundI::release                          :     Ghost Noise 3 (000001542A4F7498)
[LOG] SoundI::release                          :  (00000154D02B64C8)
[LOG] SoundI::release                          :     Ghost Noise 4  (000001542A4F62B8)
[LOG] SoundI::release                          :  (00000154D02B6918)
[LOG] SoundI::release                          :     Ghost Noise 5 (000001542A4F5F78)
[LOG] SoundI::release                          :  (00000154D02B6D68)
[LOG] SoundI::release                          :     Ghost Noise 6 (000001542A4F6118)
[LOG] Manager::readBank                        : fileversion = 100, compatVersion = 99 (oldest = 44, newest = 125)
[LOG] PlaybackSystem::acquireMasterBus         : Setting master channel group format to 6
[LOG] Manager::readBank                        : fileversion = 100, compatVersion = 99 (oldest = 44, newest = 125)
[LOG] SystemI::createSoundInternal             : Create name='', mode=0x02000202
[LOG] SystemI::createSoundInternal             : exinfo->cbsize             = 224
[LOG] SystemI::createSoundInternal             : exinfo->length             = 1321920
[LOG] SystemI::createSoundInternal             : exinfo->fileoffset         = 14976
[LOG] SystemI::createSoundInternal             : exinfo->numsubsounds       = 1
[LOG] SystemI::createSoundInternal             : exinfo->inclusionlist      = 0000004B052FF23C
[LOG] SystemI::createSoundInternal             : exinfo->inclusionlistnum   = 1
[LOG] SystemI::createSoundInternal             : exinfo->suggestedsoundtype = 5
[LOG] SystemI::createSoundInternal             : exinfo->useropen           = 00007FFAEBEBC2D0
[LOG] SystemI::createSoundInternal             : exinfo->userclose          = 00007FFAEBEBC2A0
[LOG] SystemI::createSoundInternal             : exinfo->userread           = 00007FFAEBEBC3A0
[LOG] SystemI::createSoundInternal             : exinfo->userseek           = 00007FFAEBEBC460
[LOG] SystemI::createSoundInternal             : exinfo->fileuserdata       = 000001542838FA98
[LOG] SystemI::createSoundInternal             : exinfo->initialseekpostype = 1
[LOG] SystemI::DSPCodecPoolRegister            : register codec pool for pool type 5
[LOG] SystemI::createSoundInternal             : Sample 0/1: name='Light Switch 1', format=2, channels=2, frequency=48000, lengthbytes=4896, lengthpcm=72000, pcmblocksize=0, loopstart=0, loopend=0, mode=0x00000000, channelmask=0x00000000, channelorder=0, peakvolume=0.585424.
[LOG] SystemI::createSoundInternal             : Create name='', mode=0x02000202
[LOG] SystemI::createSoundInternal             : exinfo->cbsize             = 224
[LOG] SystemI::createSoundInternal             : exinfo->length             = 1321920
[LOG] SystemI::createSoundInternal             : exinfo->fileoffset         = 14976
[LOG] SystemI::createSoundInternal             : exinfo->numsubsounds       = 1
[LOG] SystemI::createSoundInternal             : exinfo->inclusionlist      = 0000004B052FF23C
[LOG] SystemI::createSoundInternal             : exinfo->inclusionlistnum   = 1
[LOG] SystemI::createSoundInternal             : exinfo->suggestedsoundtype = 5
[LOG] SystemI::createSoundInternal             : exinfo->useropen           = 00007FFAEBEBC2D0
[LOG] SystemI::createSoundInternal             : exinfo->userclose          = 00007FFAEBEBC2A0
[LOG] SystemI::createSoundInternal             : exinfo->userread           = 00007FFAEBEBC3A0
[LOG] SystemI::createSoundInternal             : exinfo->userseek           = 00007FFAEBEBC460
[LOG] SystemI::createSoundInternal             : exinfo->fileuserdata       = 000001542838FA98
[LOG] SystemI::createSoundInternal             : exinfo->initialseekpostype = 1
[LOG] SystemI::DSPCodecPoolRegister            : register codec pool for pool type 5
[LOG] SystemI::createSoundInternal             : Sample 0/1: name='Light Switch 2', format=2, channels=2, frequency=48000, lengthbytes=4832, lengthpcm=72000, pcmblocksize=0, loopstart=0, loopend=0, mode=0x00000000, channelmask=0x00000000, channelorder=0, peakvolume=0.601033.
[LOG] SystemI::createSoundInternal             : Create name='', mode=0x02000202
[LOG] SystemI::createSoundInternal             : exinfo->cbsize             = 224
[LOG] SystemI::createSoundInternal             : exinfo->length             = 1321920
[LOG] SystemI::createSoundInternal             : exinfo->fileoffset         = 14976
[LOG] SystemI::createSoundInternal             : exinfo->numsubsounds       = 1
[LOG] SystemI::createSoundInternal             : exinfo->inclusionlist      = 0000004B052FF23C
[LOG] SystemI::createSoundInternal             : exinfo->inclusionlistnum   = 1
[LOG] SystemI::createSoundInternal             : exinfo->suggestedsoundtype = 5
[LOG] SystemI::createSoundInternal             : exinfo->useropen           = 00007FFAEBEBC2D0
[LOG] SystemI::createSoundInternal             : exinfo->userclose          = 00007FFAEBEBC2A0
[LOG] SystemI::createSoundInternal             : exinfo->userread           = 00007FFAEBEBC3A0
[LOG] SystemI::createSoundInternal             : exinfo->userseek           = 00007FFAEBEBC460
[LOG] SystemI::createSoundInternal             : exinfo->fileuserdata       = 000001542838FA98
[LOG] SystemI::createSoundInternal             : exinfo->initialseekpostype = 1
[LOG] SystemI::DSPCodecPoolRegister            : register codec pool for pool type 5
[LOG] SystemI::createSoundInternal             : Sample 0/1: name='Light Switch 4', format=2, channels=2, frequency=48000, lengthbytes=4832, lengthpcm=72000, pcmblocksize=0, loopstart=0, loopend=0, mode=0x00000000, channelmask=0x00000000, channelorder=0, peakvolume=0.618203.
[LOG] SystemI::createSoundInternal             : Create name='', mode=0x02000202
[LOG] SystemI::createSoundInternal             : exinfo->cbsize             = 224
[LOG] SystemI::createSoundInternal             : exinfo->length             = 1321920
[LOG] SystemI::createSoundInternal             : exinfo->fileoffset         = 14976
[LOG] SystemI::createSoundInternal             : exinfo->numsubsounds       = 1
[LOG] SystemI::createSoundInternal             : exinfo->inclusionlist      = 0000004B052FF23C
[LOG] SystemI::createSoundInternal             : exinfo->inclusionlistnum   = 1
[LOG] SystemI::createSoundInternal             : exinfo->suggestedsoundtype = 5
[LOG] SystemI::createSoundInternal             : exinfo->useropen           = 00007FFAEBEBC2D0
[LOG] SystemI::createSoundInternal             : exinfo->userclose          = 00007FFAEBEBC2A0
[LOG] SystemI::createSoundInternal             : exinfo->userread           = 00007FFAEBEBC3A0
[LOG] SystemI::createSoundInternal             : exinfo->userseek           = 00007FFAEBEBC460
[LOG] SystemI::createSoundInternal             : exinfo->fileuserdata       = 000001542838FA98
[LOG] SystemI::createSoundInternal             : exinfo->initialseekpostype = 1
[LOG] SystemI::DSPCodecPoolRegister            : register codec pool for pool type 5
[LOG] SystemI::createSoundInternal             : Sample 0/1: name='Light Switch 3', format=2, channels=2, frequency=48000, lengthbytes=4256, lengthpcm=68243, pcmblocksize=0, loopstart=0, loopend=0, mode=0x00000000, channelmask=0x00000000, channelorder=0, peakvolume=0.605051.
[LOG] SoundI::release                          :  (00000154D02B6A88)
[LOG] SoundI::release                          :     Light Switch 1 (000001542A4F6118)
[LOG] SoundI::release                          :  (00000154D02B61E8)
[LOG] SoundI::release                          :     Light Switch 2 (000001542A4F62B8)
[LOG] SoundI::release                          :  (00000154D02B64C8)
[LOG] SoundI::release                          :     Light Switch 3 (00000154D0115598)
[LOG] SoundI::release                          :  (00000154D02B6BF8)
[LOG] SoundI::release                          :     Light Switch 4 (000001542A4F7B18)
[LOG] Manager::readBank                        : fileversion = 100, compatVersion = 99 (oldest = 44, newest = 125)
[LOG] PlaybackSystem::acquireMasterBus         : Setting master channel group format to 6
[LOG] Manager::readBank                        : fileversion = 100, compatVersion = 99 (oldest = 44, newest = 125)
[LOG] SystemI::createSoundInternal             : Create name='', mode=0x02000202
[LOG] SystemI::createSoundInternal             : exinfo->cbsize             = 224
[LOG] SystemI::createSoundInternal             : exinfo->length             = 160640
[LOG] SystemI::createSoundInternal             : exinfo->fileoffset         = 10880
[LOG] SystemI::createSoundInternal             : exinfo->numsubsounds       = 1
[LOG] SystemI::createSoundInternal             : exinfo->inclusionlist      = 0000004B052FF23C
[LOG] SystemI::createSoundInternal             : exinfo->inclusionlistnum   = 1
[LOG] SystemI::createSoundInternal             : exinfo->suggestedsoundtype = 5
[LOG] SystemI::createSoundInternal             : exinfo->useropen           = 00007FFAEBEBC2D0
[LOG] SystemI::createSoundInternal             : exinfo->userclose          = 00007FFAEBEBC2A0
[LOG] SystemI::createSoundInternal             : exinfo->userread           = 00007FFAEBEBC3A0
[LOG] SystemI::createSoundInternal             : exinfo->userseek           = 00007FFAEBEBC460
[LOG] SystemI::createSoundInternal             : exinfo->fileuserdata       = 000001542838D578
[LOG] SystemI::createSoundInternal             : exinfo->initialseekpostype = 1
[LOG] SystemI::DSPCodecPoolRegister            : register codec pool for pool type 5
[LOG] SystemI::createSoundInternal             : Sample 0/1: name='Speed Boost Layer 4', format=2, channels=2, frequency=48000, lengthbytes=15104, lengthpcm=120000, pcmblocksize=0, loopstart=0, loopend=0, mode=0x00000000, channelmask=0x00000000, channelorder=0, peakvolume=0.185926.
[LOG] SystemI::createSoundInternal             : Create name='', mode=0x02000202
[LOG] SystemI::createSoundInternal             : exinfo->cbsize             = 224
[LOG] SystemI::createSoundInternal             : exinfo->length             = 160640
[LOG] SystemI::createSoundInternal             : exinfo->fileoffset         = 10880
[LOG] SystemI::createSoundInternal             : exinfo->numsubsounds       = 1
[LOG] SystemI::createSoundInternal             : exinfo->inclusionlist      = 0000004B052FF23C
[LOG] SystemI::createSoundInternal             : exinfo->inclusionlistnum   = 1
[LOG] SystemI::createSoundInternal             : exinfo->suggestedsoundtype = 5
[LOG] SystemI::createSoundInternal             : exinfo->useropen           = 00007FFAEBEBC2D0
[LOG] SystemI::createSoundInternal             : exinfo->userclose          = 00007FFAEBEBC2A0
[LOG] SystemI::createSoundInternal             : exinfo->userread           = 00007FFAEBEBC3A0
[LOG] SystemI::createSoundInternal             : exinfo->userseek           = 00007FFAEBEBC460
[LOG] SystemI::createSoundInternal             : exinfo->fileuserdata       = 000001542838D578
[LOG] SystemI::createSoundInternal             : exinfo->initialseekpostype = 1
[LOG] SystemI::DSPCodecPoolRegister            : register codec pool for pool type 5
[LOG] SystemI::createSoundInternal             : Sample 0/1: name='Speed Boost Layer 3', format=2, channels=2, frequency=48000, lengthbytes=8256, lengthpcm=120000, pcmblocksize=0, loopstart=0, loopend=0, mode=0x00000000, channelmask=0x00000000, channelorder=0, peakvolume=0.407416.
[LOG] SystemI::createSoundInternal             : Create name='', mode=0x02000202
[LOG] SystemI::createSoundInternal             : exinfo->cbsize             = 224
[LOG] SystemI::createSoundInternal             : exinfo->length             = 160640
[LOG] SystemI::createSoundInternal             : exinfo->fileoffset         = 10880
[LOG] SystemI::createSoundInternal             : exinfo->numsubsounds       = 1
[LOG] SystemI::createSoundInternal             : exinfo->inclusionlist      = 0000004B052FF23C
[LOG] SystemI::createSoundInternal             : exinfo->inclusionlistnum   = 1
[LOG] SystemI::createSoundInternal             : exinfo->suggestedsoundtype = 5
[LOG] SystemI::createSoundInternal             : exinfo->useropen           = 00007FFAEBEBC2D0
[LOG] SystemI::createSoundInternal             : exinfo->userclose          = 00007FFAEBEBC2A0
[LOG] SystemI::createSoundInternal             : exinfo->userread           = 00007FFAEBEBC3A0
[LOG] SystemI::createSoundInternal             : exinfo->userseek           = 00007FFAEBEBC460
[LOG] SystemI::createSoundInternal             : exinfo->fileuserdata       = 000001542838D578
[LOG] SystemI::createSoundInternal             : exinfo->initialseekpostype = 1
[LOG] SystemI::DSPCodecPoolRegister            : register codec pool for pool type 5
[LOG] SystemI::createSoundInternal             : Sample 0/1: name='Speed Boost Layer 1', format=2, channels=2, frequency=48000, lengthbytes=24256, lengthpcm=120000, pcmblocksize=0, loopstart=0, loopend=0, mode=0x00000000, channelmask=0x00000000, channelorder=0, peakvolume=0.629196.
[LOG] SystemI::createSoundInternal             : Create name='', mode=0x02000202
[LOG] SystemI::createSoundInternal             : exinfo->cbsize             = 224
[LOG] SystemI::createSoundInternal             : exinfo->length             = 160640
[LOG] SystemI::createSoundInternal             : exinfo->fileoffset         = 10880
[LOG] SystemI::createSoundInternal             : exinfo->numsubsounds       = 1
[LOG] SystemI::createSoundInternal             : exinfo->inclusionlist      = 0000004B052FF23C
[LOG] SystemI::createSoundInternal             : exinfo->inclusionlistnum   = 1
[LOG] SystemI::createSoundInternal             : exinfo->suggestedsoundtype = 5
[LOG] SystemI::createSoundInternal             : exinfo->useropen           = 00007FFAEBEBC2D0
[LOG] SystemI::createSoundInternal             : exinfo->userclose          = 00007FFAEBEBC2A0
[LOG] SystemI::createSoundInternal             : exinfo->userread           = 00007FFAEBEBC3A0
[LOG] SystemI::createSoundInternal             : exinfo->userseek           = 00007FFAEBEBC460
[LOG] SystemI::createSoundInternal             : exinfo->fileuserdata       = 000001542838D578
[LOG] SystemI::createSoundInternal             : exinfo->initialseekpostype = 1
[LOG] SystemI::DSPCodecPoolRegister            : register codec pool for pool type 5
[LOG] SystemI::createSoundInternal             : Sample 0/1: name='Speed Boost Layer 2', format=2, channels=2, frequency=48000, lengthbytes=11488, lengthpcm=120000, pcmblocksize=0, loopstart=0, loopend=0, mode=0x00000000, channelmask=0x00000000, channelorder=0, peakvolume=0.378378.
[LOG] SoundI::release                          :  (00000154D02B6638)
[LOG] SoundI::release                          :     Speed Boost Layer 4 (000001542A4F7498)
[LOG] SoundI::release                          :  (00000154D02B6D68)
[LOG] SoundI::release                          :     Speed Boost Layer 2 (000001542A4F6118)
[LOG] SoundI::release                          :  (00000154D02B6BF8)
[LOG] SoundI::release                          :     Speed Boost Layer 1 (000001542A4F7638)
[LOG] SoundI::release                          :  (00000154D02B61E8)
[LOG] SoundI::release                          :     Speed Boost Layer 3 (000001542A4F5F78)
[LOG] Manager::readBank                        : fileversion = 100, compatVersion = 99 (oldest = 44, newest = 125)
[LOG] PlaybackSystem::acquireMasterBus         : Setting master channel group format to 6
[LOG] Manager::readBank                        : fileversion = 100, compatVersion = 99 (oldest = 44, newest = 125)
[LOG] SystemI::createSoundInternal             : Create name='', mode=0x02000202
[LOG] SystemI::createSoundInternal             : exinfo->cbsize             = 224
[LOG] SystemI::createSoundInternal             : exinfo->length             = 160640
[LOG] SystemI::createSoundInternal             : exinfo->fileoffset         = 10880
[LOG] SystemI::createSoundInternal             : exinfo->numsubsounds       = 1
[LOG] SystemI::createSoundInternal             : exinfo->inclusionlist      = 0000004B052FF23C
[LOG] SystemI::createSoundInternal             : exinfo->inclusionlistnum   = 1
[LOG] SystemI::createSoundInternal             : exinfo->suggestedsoundtype = 5
[LOG] SystemI::createSoundInternal             : exinfo->useropen           = 00007FFAEBEBC2D0
[LOG] SystemI::createSoundInternal             : exinfo->userclose          = 00007FFAEBEBC2A0
[LOG] SystemI::createSoundInternal             : exinfo->userread           = 00007FFAEBEBC3A0
[LOG] SystemI::createSoundInternal             : exinfo->userseek           = 00007FFAEBEBC460
[LOG] SystemI::createSoundInternal             : exinfo->fileuserdata       = 000001542838B898
[LOG] SystemI::createSoundInternal             : exinfo->initialseekpostype = 1
[LOG] SystemI::DSPCodecPoolRegister            : register codec pool for pool type 5
[LOG] SystemI::createSoundInternal             : Sample 0/1: name='Player Footstep Sock Scuffle 3', format=2, channels=2, frequency=48000, lengthbytes=2816, lengthpcm=60800, pcmblocksize=0, loopstart=0, loopend=0, mode=0x00000000, channelmask=0x00000000, channelorder=0, peakvolume=0.046600.
[LOG] SystemI::createSoundInternal             : Create name='', mode=0x02000202
[LOG] SystemI::createSoundInternal             : exinfo->cbsize             = 224
[LOG] SystemI::createSoundInternal             : exinfo->length             = 160640
[LOG] SystemI::createSoundInternal             : exinfo->fileoffset         = 10880
[LOG] SystemI::createSoundInternal             : exinfo->numsubsounds       = 1
[LOG] SystemI::createSoundInternal             : exinfo->inclusionlist      = 0000004B052FF23C
[LOG] SystemI::createSoundInternal             : exinfo->inclusionlistnum   = 1
[LOG] SystemI::createSoundInternal             : exinfo->suggestedsoundtype = 5
[LOG] SystemI::createSoundInternal             : exinfo->useropen           = 00007FFAEBEBC2D0
[LOG] SystemI::createSoundInternal             : exinfo->userclose          = 00007FFAEBEBC2A0
[LOG] SystemI::createSoundInternal             : exinfo->userread           = 00007FFAEBEBC3A0
[LOG] SystemI::createSoundInternal             : exinfo->userseek           = 00007FFAEBEBC460
[LOG] SystemI::createSoundInternal             : exinfo->fileuserdata       = 000001542838B898
[LOG] SystemI::createSoundInternal             : exinfo->initialseekpostype = 1
[LOG] SystemI::DSPCodecPoolRegister            : register codec pool for pool type 5
[LOG] SystemI::createSoundInternal             : Sample 0/1: name='Player Footstep 10', format=2, channels=2, frequency=48000, lengthbytes=12352, lengthpcm=63491, pcmblocksize=0, loopstart=0, loopend=0, mode=0x00000000, channelmask=0x00000000, channelorder=0, peakvolume=0.142520.
[LOG] SystemI::createSoundInternal             : Create name='', mode=0x02000202
[LOG] SystemI::createSoundInternal             : exinfo->cbsize             = 224
[LOG] SystemI::createSoundInternal             : exinfo->length             = 160640
[LOG] SystemI::createSoundInternal             : exinfo->fileoffset         = 10880
[LOG] SystemI::createSoundInternal             : exinfo->numsubsounds       = 1
[LOG] SystemI::createSoundInternal             : exinfo->inclusionlist      = 0000004B052FF23C
[LOG] SystemI::createSoundInternal             : exinfo->inclusionlistnum   = 1
[LOG] SystemI::createSoundInternal             : exinfo->suggestedsoundtype = 5
[LOG] SystemI::createSoundInternal             : exinfo->useropen           = 00007FFAEBEBC2D0
[LOG] SystemI::createSoundInternal             : exinfo->userclose          = 00007FFAEBEBC2A0
[LOG] SystemI::createSoundInternal             : exinfo->userread           = 00007FFAEBEBC3A0
[LOG] SystemI::createSoundInternal             : exinfo->userseek           = 00007FFAEBEBC460
[LOG] SystemI::createSoundInternal             : exinfo->fileuserdata       = 000001542838B898
[LOG] SystemI::createSoundInternal             : exinfo->initialseekpostype = 1
[LOG] SystemI::DSPCodecPoolRegister            : register codec pool for pool type 5
[LOG] SystemI::createSoundInternal             : Sample 0/1: name='Player Footstep 6', format=2, channels=2, frequency=48000, lengthbytes=12320, lengthpcm=61328, pcmblocksize=0, loopstart=0, loopend=0, mode=0x00000000, channelmask=0x00000000, channelorder=0, peakvolume=0.128196.
[LOG] SystemI::createSoundInternal             : Create name='', mode=0x02000202
[LOG] SystemI::createSoundInternal             : exinfo->cbsize             = 224
[LOG] SystemI::createSoundInternal             : exinfo->length             = 160640
[LOG] SystemI::createSoundInternal             : exinfo->fileoffset         = 10880
[LOG] SystemI::createSoundInternal             : exinfo->numsubsounds       = 1
[LOG] SystemI::createSoundInternal             : exinfo->inclusionlist      = 0000004B052FF23C
[LOG] SystemI::createSoundInternal             : exinfo->inclusionlistnum   = 1
[LOG] SystemI::createSoundInternal             : exinfo->suggestedsoundtype = 5
[LOG] SystemI::createSoundInternal             : exinfo->useropen           = 00007FFAEBEBC2D0
[LOG] SystemI::createSoundInternal             : exinfo->userclose          = 00007FFAEBEBC2A0
[LOG] SystemI::createSoundInternal             : exinfo->userread           = 00007FFAEBEBC3A0
[LOG] SystemI::createSoundInternal             : exinfo->userseek           = 00007FFAEBEBC460
[LOG] SystemI::createSoundInternal             : exinfo->fileuserdata       = 000001542838B898
[LOG] SystemI::createSoundInternal             : exinfo->initialseekpostype = 1
[LOG] SystemI::DSPCodecPoolRegister            : register codec pool for pool type 5
[LOG] SystemI::createSoundInternal             : Sample 0/1: name='Player Footstep Sock Scuffle 5', format=2, channels=2, frequency=48000, lengthbytes=3552, lengthpcm=64696, pcmblocksize=0, loopstart=0, loopend=0, mode=0x00000000, channelmask=0x00000000, channelorder=0, peakvolume=0.026627.
[LOG] SystemI::createSoundInternal             : Create name='', mode=0x02000202
[LOG] SystemI::createSoundInternal             : exinfo->cbsize             = 224
[LOG] SystemI::createSoundInternal             : exinfo->length             = 160640
[LOG] SystemI::createSoundInternal             : exinfo->fileoffset         = 10880
[LOG] SystemI::createSoundInternal             : exinfo->numsubsounds       = 1
[LOG] SystemI::createSoundInternal             : exinfo->inclusionlist      = 0000004B052FF23C
[LOG] SystemI::createSoundInternal             : exinfo->inclusionlistnum   = 1
[LOG] SystemI::createSoundInternal             : exinfo->suggestedsoundtype = 5
[LOG] SystemI::createSoundInternal             : exinfo->useropen           = 00007FFAEBEBC2D0
[LOG] SystemI::createSoundInternal             : exinfo->userclose          = 00007FFAEBEBC2A0
[LOG] SystemI::createSoundInternal             : exinfo->userread           = 00007FFAEBEBC3A0
[LOG] SystemI::createSoundInternal             : exinfo->userseek           = 00007FFAEBEBC460
[LOG] SystemI::createSoundInternal             : exinfo->fileuserdata       = 000001542838B898
[LOG] SystemI::createSoundInternal             : exinfo->initialseekpostype = 1
[LOG] SystemI::DSPCodecPoolRegister            : register codec pool for pool type 5
[LOG] SystemI::createSoundInternal             : Sample 0/1: name='Player Footstep Sock Scuffle 4', format=2, channels=2, frequency=48000, lengthbytes=4768, lengthpcm=70778, pcmblocksize=0, loopstart=0, loopend=0, mode=0x00000000, channelmask=0x00000000, channelorder=0, peakvolume=0.033783.
[LOG] SystemI::createSoundInternal             : Create name='', mode=0x02000202
[LOG] SystemI::createSoundInternal             : exinfo->cbsize             = 224
[LOG] SystemI::createSoundInternal             : exinfo->length             = 160640
[LOG] SystemI::createSoundInternal             : exinfo->fileoffset         = 10880
[LOG] SystemI::createSoundInternal             : exinfo->numsubsounds       = 1
[LOG] SystemI::createSoundInternal             : exinfo->inclusionlist      = 0000004B052FF23C
[LOG] SystemI::createSoundInternal             : exinfo->inclusionlistnum   = 1
[LOG] SystemI::createSoundInternal             : exinfo->suggestedsoundtype = 5
[LOG] SystemI::createSoundInternal             : exinfo->useropen           = 00007FFAEBEBC2D0
[LOG] SystemI::createSoundInternal             : exinfo->userclose          = 00007FFAEBEBC2A0
[LOG] SystemI::createSoundInternal             : exinfo->userread           = 00007FFAEBEBC3A0
[LOG] SystemI::createSoundInternal             : exinfo->userseek           = 00007FFAEBEBC460
[LOG] SystemI::createSoundInternal             : exinfo->fileuserdata       = 000001542838B898
[LOG] SystemI::createSoundInternal             : exinfo->initialseekpostype = 1
[LOG] SystemI::DSPCodecPoolRegister            : register codec pool for pool type 5
[LOG] SystemI::createSoundInternal             : Sample 0/1: name='Player Footstep Sock Scuffle 2', format=2, channels=2, frequency=48000, lengthbytes=2752, lengthpcm=60420, pcmblocksize=0, loopstart=0, loopend=0, mode=0x00000000, channelmask=0x00000000, channelorder=0, peakvolume=0.028259.
[LOG] SystemI::createSoundInternal             : Create name='', mode=0x02000202
[LOG] SystemI::createSoundInternal             : exinfo->cbsize             = 224
[LOG] SystemI::createSoundInternal             : exinfo->length             = 160640
[LOG] SystemI::createSoundInternal             : exinfo->fileoffset         = 10880
[LOG] SystemI::createSoundInternal             : exinfo->numsubsounds       = 1
[LOG] SystemI::createSoundInternal             : exinfo->inclusionlist      = 0000004B052FF23C
[LOG] SystemI::createSoundInternal             : exinfo->inclusionlistnum   = 1
[LOG] SystemI::createSoundInternal             : exinfo->suggestedsoundtype = 5
[LOG] SystemI::createSoundInternal             : exinfo->useropen           = 00007FFAEBEBC2D0
[LOG] SystemI::createSoundInternal             : exinfo->userclose          = 00007FFAEBEBC2A0
[LOG] SystemI::createSoundInternal             : exinfo->userread           = 00007FFAEBEBC3A0
[LOG] SystemI::createSoundInternal             : exinfo->userseek           = 00007FFAEBEBC460
[LOG] SystemI::createSoundInternal             : exinfo->fileuserdata       = 000001542838B898
[LOG] SystemI::createSoundInternal             : exinfo->initialseekpostype = 1
[LOG] SystemI::DSPCodecPoolRegister            : register codec pool for pool type 5
[LOG] SystemI::createSoundInternal             : Sample 0/1: name='Player Footstep 9', format=2, channels=2, frequency=48000, lengthbytes=13088, lengthpcm=65940, pcmblocksize=0, loopstart=0, loopend=0, mode=0x00000000, channelmask=0x00000000, channelorder=0, peakvolume=0.174443.
[LOG] SystemI::createSoundInternal             : Create name='', mode=0x02000202
[LOG] SystemI::createSoundInternal             : exinfo->cbsize             = 224
[LOG] SystemI::createSoundInternal             : exinfo->length             = 160640
[LOG] SystemI::createSoundInternal             : exinfo->fileoffset         = 10880
[LOG] SystemI::createSoundInternal             : exinfo->numsubsounds       = 1
[LOG] SystemI::createSoundInternal             : exinfo->inclusionlist      = 0000004B052FF23C
[LOG] SystemI::createSoundInternal             : exinfo->inclusionlistnum   = 1
[LOG] SystemI::createSoundInternal             : exinfo->suggestedsoundtype = 5
[LOG] SystemI::createSoundInternal             : exinfo->useropen           = 00007FFAEBEBC2D0
[LOG] SystemI::createSoundInternal             : exinfo->userclose          = 00007FFAEBEBC2A0
[LOG] SystemI::createSoundInternal             : exinfo->userread           = 00007FFAEBEBC3A0
[LOG] SystemI::createSoundInternal             : exinfo->userseek           = 00007FFAEBEBC460
[LOG] SystemI::createSoundInternal             : exinfo->fileuserdata       = 000001542838B898
[LOG] SystemI::createSoundInternal             : exinfo->initialseekpostype = 1
[LOG] SystemI::DSPCodecPoolRegister            : register codec pool for pool type 5
[LOG] SystemI::createSoundInternal             : Sample 0/1: name='Player Footstep Sock Scuffle 1', format=2, channels=2, frequency=48000, lengthbytes=2560, lengthpcm=59871, pcmblocksize=0, loopstart=0, loopend=0, mode=0x00000000, channelmask=0x00000000, channelorder=0, peakvolume=0.038971.
[LOG] SystemI::createSoundInternal             : Create name='', mode=0x02000202
[LOG] SystemI::createSoundInternal             : exinfo->cbsize             = 224
[LOG] SystemI::createSoundInternal             : exinfo->length             = 160640
[LOG] SystemI::createSoundInternal             : exinfo->fileoffset         = 10880
[LOG] SystemI::createSoundInternal             : exinfo->numsubsounds       = 1
[LOG] SystemI::createSoundInternal             : exinfo->inclusionlist      = 0000004B052FF23C
[LOG] SystemI::createSoundInternal             : exinfo->inclusionlistnum   = 1
[LOG] SystemI::createSoundInternal             : exinfo->suggestedsoundtype = 5
[LOG] SystemI::createSoundInternal             : exinfo->useropen           = 00007FFAEBEBC2D0
[LOG] SystemI::createSoundInternal             : exinfo->userclose          = 00007FFAEBEBC2A0
[LOG] SystemI::createSoundInternal             : exinfo->userread           = 00007FFAEBEBC3A0
[LOG] SystemI::createSoundInternal             : exinfo->userseek           = 00007FFAEBEBC460
[LOG] SystemI::createSoundInternal             : exinfo->fileuserdata       = 000001542838B898
[LOG] SystemI::createSoundInternal             : exinfo->initialseekpostype = 1
[LOG] SystemI::DSPCodecPoolRegister            : register codec pool for pool type 5
[LOG] SystemI::createSoundInternal             : Sample 0/1: name='Player Footstep 8', format=2, channels=2, frequency=48000, lengthbytes=12192, lengthpcm=63840, pcmblocksize=0, loopstart=0, loopend=0, mode=0x00000000, channelmask=0x00000000, channelorder=0, peakvolume=0.113142.
[LOG] SystemI::createSoundInternal             : Create name='', mode=0x02000202
[LOG] SystemI::createSoundInternal             : exinfo->cbsize             = 224
[LOG] SystemI::createSoundInternal             : exinfo->length             = 160640
[LOG] SystemI::createSoundInternal             : exinfo->fileoffset         = 10880
[LOG] SystemI::createSoundInternal             : exinfo->numsubsounds       = 1
[LOG] SystemI::createSoundInternal             : exinfo->inclusionlist      = 0000004B052FF23C
[LOG] SystemI::createSoundInternal             : exinfo->inclusionlistnum   = 1
[LOG] SystemI::createSoundInternal             : exinfo->suggestedsoundtype = 5
[LOG] SystemI::createSoundInternal             : exinfo->useropen           = 00007FFAEBEBC2D0
[LOG] SystemI::createSoundInternal             : exinfo->userclose          = 00007FFAEBEBC2A0
[LOG] SystemI::createSoundInternal             : exinfo->userread           = 00007FFAEBEBC3A0
[LOG] SystemI::createSoundInternal             : exinfo->userseek           = 00007FFAEBEBC460
[LOG] SystemI::createSoundInternal             : exinfo->fileuserdata       = 000001542838B898
[LOG] SystemI::createSoundInternal             : exinfo->initialseekpostype = 1
[LOG] SystemI::DSPCodecPoolRegister            : register codec pool for pool type 5
[LOG] SystemI::createSoundInternal             : Sample 0/1: name='Player Footstep 7', format=2, channels=2, frequency=48000, lengthbytes=12160, lengthpcm=62674, pcmblocksize=0, loopstart=0, loopend=0, mode=0x00000000, channelmask=0x00000000, channelorder=0, peakvolume=0.112188.
[LOG] SoundI::release                          :  (00000154D02B64C8)
[LOG] SoundI::release                          :     Player Footstep 6 (000001542A4F7638)
[LOG] SoundI::release                          :  (00000154D0695FE8)
[LOG] SoundI::release                          :     Player Footstep 7 (000001542A4F6458)
[LOG] SoundI::release                          :  (00000154CDF86ED8)
[LOG] SoundI::release                          :     Player Footstep 8 (000001542A4F62B8)
[LOG] SoundI::release                          :  (00000154D02B67A8)
[LOG] SoundI::release                          :     Player Footstep 9 (000001542A4F5F78)
[LOG] SoundI::release                          :  (00000154D02B61E8)
[LOG] SoundI::release                          :     Player Footstep 10 (000001542A4F6118)
[LOG] SoundI::release                          :  (00000154D02B6918)
[LOG] SoundI::release                          :     Player Footstep Sock Scuffle 1 (000001542A4F7FF8)
[LOG] SoundI::release                          :  (00000154D02B6A88)
[LOG] SoundI::release                          :     Player Footstep Sock Scuffle 2 (000001542A4F7E58)
[LOG] SoundI::release                          :  (00000154D02B6BF8)
[LOG] SoundI::release                          :     Player Footstep Sock Scuffle 3 (000001542A4F7498)
[LOG] SoundI::release                          :  (00000154D02B6638)
[LOG] SoundI::release                          :     Player Footstep Sock Scuffle 4 (000001542A4F7CB8)
[LOG] SoundI::release                          :  (00000154D02B6D68)
[LOG] SoundI::release                          :     Player Footstep Sock Scuffle 5 (000001542A4F7B18)
[LOG] Manager::readBank                        : fileversion = 100, compatVersion = 99 (oldest = 44, newest = 125)
[LOG] PlaybackSystem::acquireMasterBus         : Setting master channel group format to 6
[LOG] Manager::readBank                        : fileversion = 100, compatVersion = 99 (oldest = 44, newest = 125)
[LOG] SystemI::createSoundInternal             : Create name='', mode=0x02000202
[LOG] SystemI::createSoundInternal             : exinfo->cbsize             = 224
[LOG] SystemI::createSoundInternal             : exinfo->length             = 1321920
[LOG] SystemI::createSoundInternal             : exinfo->fileoffset         = 14976
[LOG] SystemI::createSoundInternal             : exinfo->numsubsounds       = 1
[LOG] SystemI::createSoundInternal             : exinfo->inclusionlist      = 0000004B052FF23C
[LOG] SystemI::createSoundInternal             : exinfo->inclusionlistnum   = 1
[LOG] SystemI::createSoundInternal             : exinfo->suggestedsoundtype = 5
[LOG] SystemI::createSoundInternal             : exinfo->useropen           = 00007FFAEBEBC2D0
[LOG] SystemI::createSoundInternal             : exinfo->userclose          = 00007FFAEBEBC2A0
[LOG] SystemI::createSoundInternal             : exinfo->userread           = 00007FFAEBEBC3A0
[LOG] SystemI::createSoundInternal             : exinfo->userseek           = 00007FFAEBEBC460
[LOG] SystemI::createSoundInternal             : exinfo->fileuserdata       = 0000015428391568
[LOG] SystemI::createSoundInternal             : exinfo->initialseekpostype = 1
[LOG] SystemI::DSPCodecPoolRegister            : register codec pool for pool type 5
[LOG] SystemI::createSoundInternal             : Sample 0/1: name='Macaw Stressed 2', format=2, channels=2, frequency=48000, lengthbytes=12544, lengthpcm=108376, pcmblocksize=0, loopstart=0, loopend=0, mode=0x00000000, channelmask=0x00000000, channelorder=0, peakvolume=0.088679.
[LOG] SystemI::createSoundInternal             : Create name='', mode=0x02000202
[LOG] SystemI::createSoundInternal             : exinfo->cbsize             = 224
[LOG] SystemI::createSoundInternal             : exinfo->length             = 1321920
[LOG] SystemI::createSoundInternal             : exinfo->fileoffset         = 14976
[LOG] SystemI::createSoundInternal             : exinfo->numsubsounds       = 1
[LOG] SystemI::createSoundInternal             : exinfo->inclusionlist      = 0000004B052FF23C
[LOG] SystemI::createSoundInternal             : exinfo->inclusionlistnum   = 1
[LOG] SystemI::createSoundInternal             : exinfo->suggestedsoundtype = 5
[LOG] SystemI::createSoundInternal             : exinfo->useropen           = 00007FFAEBEBC2D0
[LOG] SystemI::createSoundInternal             : exinfo->userclose          = 00007FFAEBEBC2A0
[LOG] SystemI::createSoundInternal             : exinfo->userread           = 00007FFAEBEBC3A0
[LOG] SystemI::createSoundInternal             : exinfo->userseek           = 00007FFAEBEBC460
[LOG] SystemI::createSoundInternal             : exinfo->fileuserdata       = 0000015428391568
[LOG] SystemI::createSoundInternal             : exinfo->initialseekpostype = 1
[LOG] SystemI::DSPCodecPoolRegister            : register codec pool for pool type 5
[LOG] SystemI::createSoundInternal             : Sample 0/1: name='Eerie Howling 4', format=2, channels=2, frequency=48000, lengthbytes=79104, lengthpcm=336000, pcmblocksize=0, loopstart=0, loopend=0, mode=0x00000000, channelmask=0x00000000, channelorder=0, peakvolume=0.022135.
[LOG] SystemI::createSoundInternal             : Create name='', mode=0x02000202
[LOG] SystemI::createSoundInternal             : exinfo->cbsize             = 224
[LOG] SystemI::createSoundInternal             : exinfo->length             = 1321920
[LOG] SystemI::createSoundInternal             : exinfo->fileoffset         = 14976
[LOG] SystemI::createSoundInternal             : exinfo->numsubsounds       = 1
[LOG] SystemI::createSoundInternal             : exinfo->inclusionlist      = 0000004B052FF23C
[LOG] SystemI::createSoundInternal             : exinfo->inclusionlistnum   = 1
[LOG] SystemI::createSoundInternal             : exinfo->suggestedsoundtype = 5
[LOG] SystemI::createSoundInternal             : exinfo->useropen           = 00007FFAEBEBC2D0
[LOG] SystemI::createSoundInternal             : exinfo->userclose          = 00007FFAEBEBC2A0
[LOG] SystemI::createSoundInternal             : exinfo->userread           = 00007FFAEBEBC3A0
[LOG] SystemI::createSoundInternal             : exinfo->userseek           = 00007FFAEBEBC460
[LOG] SystemI::createSoundInternal             : exinfo->fileuserdata       = 0000015428391568
[LOG] SystemI::createSoundInternal             : exinfo->initialseekpostype = 1
[LOG] SystemI::DSPCodecPoolRegister            : register codec pool for pool type 5
[LOG] SystemI::createSoundInternal             : Sample 0/1: name='Wolf Howl 4', format=2, channels=2, frequency=48000, lengthbytes=75104, lengthpcm=389764, pcmblocksize=0, loopstart=0, loopend=0, mode=0x00000000, channelmask=0x00000000, channelorder=0, peakvolume=0.062297.
[LOG] SystemI::createSoundInternal             : Create name='', mode=0x02000202
[LOG] SystemI::createSoundInternal             : exinfo->cbsize             = 224
[LOG] SystemI::createSoundInternal             : exinfo->length             = 1321920
[LOG] SystemI::createSoundInternal             : exinfo->fileoffset         = 14976
[LOG] SystemI::createSoundInternal             : exinfo->numsubsounds       = 1
[LOG] SystemI::createSoundInternal             : exinfo->inclusionlist      = 0000004B052FF23C
[LOG] SystemI::createSoundInternal             : exinfo->inclusionlistnum   = 1
[LOG] SystemI::createSoundInternal             : exinfo->suggestedsoundtype = 5
[LOG] SystemI::createSoundInternal             : exinfo->useropen           = 00007FFAEBEBC2D0
[LOG] SystemI::createSoundInternal             : exinfo->userclose          = 00007FFAEBEBC2A0
[LOG] SystemI::createSoundInternal             : exinfo->userread           = 00007FFAEBEBC3A0
[LOG] SystemI::createSoundInternal             : exinfo->userseek           = 00007FFAEBEBC460
[LOG] SystemI::createSoundInternal             : exinfo->fileuserdata       = 0000015428391568
[LOG] SystemI::createSoundInternal             : exinfo->initialseekpostype = 1
[LOG] SystemI::DSPCodecPoolRegister            : register codec pool for pool type 5
[LOG] SystemI::createSoundInternal             : Sample 0/1: name='Macaw Stressed 1', format=2, channels=2, frequency=48000, lengthbytes=23872, lengthpcm=163761, pcmblocksize=0, loopstart=0, loopend=0, mode=0x00000000, channelmask=0x00000000, channelorder=0, peakvolume=0.081726.
[LOG] SystemI::createSoundInternal             : Create name='', mode=0x02000202
[LOG] SystemI::createSoundInternal             : exinfo->cbsize             = 224
[LOG] SystemI::createSoundInternal             : exinfo->length             = 1321920
[LOG] SystemI::createSoundInternal             : exinfo->fileoffset         = 14976
[LOG] SystemI::createSoundInternal             : exinfo->numsubsounds       = 1
[LOG] SystemI::createSoundInternal             : exinfo->inclusionlist      = 0000004B052FF23C
[LOG] SystemI::createSoundInternal             : exinfo->inclusionlistnum   = 1
[LOG] SystemI::createSoundInternal             : exinfo->suggestedsoundtype = 5
[LOG] SystemI::createSoundInternal             : exinfo->useropen           = 00007FFAEBEBC2D0
[LOG] SystemI::createSoundInternal             : exinfo->userclose          = 00007FFAEBEBC2A0
[LOG] SystemI::createSoundInternal             : exinfo->userread           = 00007FFAEBEBC3A0
[LOG] SystemI::createSoundInternal             : exinfo->userseek           = 00007FFAEBEBC460
[LOG] SystemI::createSoundInternal             : exinfo->fileuserdata       = 0000015428391568
[LOG] SystemI::createSoundInternal             : exinfo->initialseekpostype = 1
[LOG] SystemI::DSPCodecPoolRegister            : register codec pool for pool type 5
[LOG] SystemI::createSoundInternal             : Sample 0/1: name='Wolf Howl 1', format=2, channels=2, frequency=48000, lengthbytes=90848, lengthpcm=456000, pcmblocksize=0, loopstart=0, loopend=0, mode=0x00000000, channelmask=0x00000000, channelorder=0, peakvolume=0.029420.
[LOG] SystemI::createSoundInternal             : Create name='', mode=0x02000202
[LOG] SystemI::createSoundInternal             : exinfo->cbsize             = 224
[LOG] SystemI::createSoundInternal             : exinfo->length             = 1321920
[LOG] SystemI::createSoundInternal             : exinfo->fileoffset         = 14976
[LOG] SystemI::createSoundInternal             : exinfo->numsubsounds       = 1
[LOG] SystemI::createSoundInternal             : exinfo->inclusionlist      = 0000004B052FF23C
[LOG] SystemI::createSoundInternal             : exinfo->inclusionlistnum   = 1
[LOG] SystemI::createSoundInternal             : exinfo->suggestedsoundtype = 5
[LOG] SystemI::createSoundInternal             : exinfo->useropen           = 00007FFAEBEBC2D0
[LOG] SystemI::createSoundInternal             : exinfo->userclose          = 00007FFAEBEBC2A0
[LOG] SystemI::createSoundInternal             : exinfo->userread           = 00007FFAEBEBC3A0
[LOG] SystemI::createSoundInternal             : exinfo->userseek           = 00007FFAEBEBC460
[LOG] SystemI::createSoundInternal             : exinfo->fileuserdata       = 0000015428391568
[LOG] SystemI::createSoundInternal             : exinfo->initialseekpostype = 1
[LOG] SystemI::DSPCodecPoolRegister            : register codec pool for pool type 5
[LOG] SystemI::createSoundInternal             : Sample 0/1: name='Raven Tweet 1', format=2, channels=2, frequency=48000, lengthbytes=9952, lengthpcm=96000, pcmblocksize=0, loopstart=0, loopend=0, mode=0x00000000, channelmask=0x00000000, channelorder=0, peakvolume=0.044627.
[LOG] SystemI::createSoundInternal             : Create name='', mode=0x02000202
[LOG] SystemI::createSoundInternal             : exinfo->cbsize             = 224
[LOG] SystemI::createSoundInternal             : exinfo->length             = 1321920
[LOG] SystemI::createSoundInternal             : exinfo->fileoffset         = 14976
[LOG] SystemI::createSoundInternal             : exinfo->numsubsounds       = 1
[LOG] SystemI::createSoundInternal             : exinfo->inclusionlist      = 0000004B052FF23C
[LOG] SystemI::createSoundInternal             : exinfo->inclusionlistnum   = 1
[LOG] SystemI::createSoundInternal             : exinfo->suggestedsoundtype = 5
[LOG] SystemI::createSoundInternal             : exinfo->useropen           = 00007FFAEBEBC2D0
[LOG] SystemI::createSoundInternal             : exinfo->userclose          = 00007FFAEBEBC2A0
[LOG] SystemI::createSoundInternal             : exinfo->userread           = 00007FFAEBEBC3A0
[LOG] SystemI::createSoundInternal             : exinfo->userseek           = 00007FFAEBEBC460
[LOG] SystemI::createSoundInternal             : exinfo->fileuserdata       = 0000015428391568
[LOG] SystemI::createSoundInternal             : exinfo->initialseekpostype = 1
[LOG] SystemI::DSPCodecPoolRegister            : register codec pool for pool type 5
[LOG] SystemI::createSoundInternal             : Sample 0/1: name='Eerie Howling 2', format=2, channels=2, frequency=48000, lengthbytes=85824, lengthpcm=360000, pcmblocksize=0, loopstart=0, loopend=0, mode=0x00000000, channelmask=0x00000000, channelorder=0, peakvolume=0.024417.
[LOG] SystemI::createSoundInternal             : Create name='', mode=0x02000202
[LOG] SystemI::createSoundInternal             : exinfo->cbsize             = 224
[LOG] SystemI::createSoundInternal             : exinfo->length             = 1321920
[LOG] SystemI::createSoundInternal             : exinfo->fileoffset         = 14976
[LOG] SystemI::createSoundInternal             : exinfo->numsubsounds       = 1
[LOG] SystemI::createSoundInternal             : exinfo->inclusionlist      = 0000004B052FF23C
[LOG] SystemI::createSoundInternal             : exinfo->inclusionlistnum   = 1
[LOG] SystemI::createSoundInternal             : exinfo->suggestedsoundtype = 5
[LOG] SystemI::createSoundInternal             : exinfo->useropen           = 00007FFAEBEBC2D0
[LOG] SystemI::createSoundInternal             : exinfo->userclose          = 00007FFAEBEBC2A0
[LOG] SystemI::createSoundInternal             : exinfo->userread           = 00007FFAEBEBC3A0
[LOG] SystemI::createSoundInternal             : exinfo->userseek           = 00007FFAEBEBC460
[LOG] SystemI::createSoundInternal             : exinfo->fileuserdata       = 0000015428391568
[LOG] SystemI::createSoundInternal             : exinfo->initialseekpostype = 1
[LOG] SystemI::DSPCodecPoolRegister            : register codec pool for pool type 5
[LOG] SystemI::createSoundInternal             : Sample 0/1: name='Eerie Howling 5', format=2, channels=2, frequency=48000, lengthbytes=79072, lengthpcm=336000, pcmblocksize=0, loopstart=0, loopend=0, mode=0x00000000, channelmask=0x00000000, channelorder=0, peakvolume=0.047032.
[LOG] SystemI::createSoundInternal             : Create name='', mode=0x02000202
[LOG] SystemI::createSoundInternal             : exinfo->cbsize             = 224
[LOG] SystemI::createSoundInternal             : exinfo->length             = 1321920
[LOG] SystemI::createSoundInternal             : exinfo->fileoffset         = 14976
[LOG] SystemI::createSoundInternal             : exinfo->numsubsounds       = 1
[LOG] SystemI::createSoundInternal             : exinfo->inclusionlist      = 0000004B052FF23C
[LOG] SystemI::createSoundInternal             : exinfo->inclusionlistnum   = 1
[LOG] SystemI::createSoundInternal             : exinfo->suggestedsoundtype = 5
[LOG] SystemI::createSoundInternal             : exinfo->useropen           = 00007FFAEBEBC2D0
[LOG] SystemI::createSoundInternal             : exinfo->userclose          = 00007FFAEBEBC2A0
[LOG] SystemI::createSoundInternal             : exinfo->userread           = 00007FFAEBEBC3A0
[LOG] SystemI::createSoundInternal             : exinfo->userseek           = 00007FFAEBEBC460
[LOG] SystemI::createSoundInternal             : exinfo->fileuserdata       = 0000015428391568
[LOG] SystemI::createSoundInternal             : exinfo->initialseekpostype = 1
[LOG] SystemI::DSPCodecPoolRegister            : register codec pool for pool type 5
[LOG] SystemI::createSoundInternal             : Sample 0/1: name='Eerie Howling 3', format=2, channels=2, frequency=48000, lengthbytes=72736, lengthpcm=312000, pcmblocksize=0, loopstart=0, loopend=0, mode=0x00000000, channelmask=0x00000000, channelorder=0, peakvolume=0.019849.
[LOG] SystemI::createSoundInternal             : Create name='', mode=0x02000202
[LOG] SystemI::createSoundInternal             : exinfo->cbsize             = 224
[LOG] SystemI::createSoundInternal             : exinfo->length             = 1321920
[LOG] SystemI::createSoundInternal             : exinfo->fileoffset         = 14976
[LOG] SystemI::createSoundInternal             : exinfo->numsubsounds       = 1
[LOG] SystemI::createSoundInternal             : exinfo->inclusionlist      = 0000004B052FF23C
[LOG] SystemI::createSoundInternal             : exinfo->inclusionlistnum   = 1
[LOG] SystemI::createSoundInternal             : exinfo->suggestedsoundtype = 5
[LOG] SystemI::createSoundInternal             : exinfo->useropen           = 00007FFAEBEBC2D0
[LOG] SystemI::createSoundInternal             : exinfo->userclose          = 00007FFAEBEBC2A0
[LOG] SystemI::createSoundInternal             : exinfo->userread           = 00007FFAEBEBC3A0
[LOG] SystemI::createSoundInternal             : exinfo->userseek           = 00007FFAEBEBC460
[LOG] SystemI::createSoundInternal             : exinfo->fileuserdata       = 0000015428391568
[LOG] SystemI::createSoundInternal             : exinfo->initialseekpostype = 1
[LOG] SystemI::DSPCodecPoolRegister            : register codec pool for pool type 5
[LOG] SystemI::createSoundInternal             : Sample 0/1: name='Raven Caw 1', format=2, channels=2, frequency=48000, lengthbytes=5376, lengthpcm=68189, pcmblocksize=0, loopstart=0, loopend=0, mode=0x00000000, channelmask=0x00000000, channelorder=0, peakvolume=0.054713.
[LOG] SystemI::createSoundInternal             : Create name='', mode=0x02000202
[LOG] SystemI::createSoundInternal             : exinfo->cbsize             = 224
[LOG] SystemI::createSoundInternal             : exinfo->length             = 1321920
[LOG] SystemI::createSoundInternal             : exinfo->fileoffset         = 14976
[LOG] SystemI::createSoundInternal             : exinfo->numsubsounds       = 1
[LOG] SystemI::createSoundInternal             : exinfo->inclusionlist      = 0000004B052FF23C
[LOG] SystemI::createSoundInternal             : exinfo->inclusionlistnum   = 1
[LOG] SystemI::createSoundInternal             : exinfo->suggestedsoundtype = 5
[LOG] SystemI::createSoundInternal             : exinfo->useropen           = 00007FFAEBEBC2D0
[LOG] SystemI::createSoundInternal             : exinfo->userclose          = 00007FFAEBEBC2A0
[LOG] SystemI::createSoundInternal             : exinfo->userread           = 00007FFAEBEBC3A0
[LOG] SystemI::createSoundInternal             : exinfo->userseek           = 00007FFAEBEBC460
[LOG] SystemI::createSoundInternal             : exinfo->fileuserdata       = 0000015428391568
[LOG] SystemI::createSoundInternal             : exinfo->initialseekpostype = 1
[LOG] SystemI::DSPCodecPoolRegister            : register codec pool for pool type 5
[LOG] SystemI::createSoundInternal             : Sample 0/1: name='Bush Rustle 1', format=2, channels=2, frequency=48000, lengthbytes=72480, lengthpcm=336000, pcmblocksize=0, loopstart=0, loopend=0, mode=0x00000000, channelmask=0x00000000, channelorder=0, peakvolume=0.062511.
[LOG] SystemI::createSoundInternal             : Create name='', mode=0x02000202
[LOG] SystemI::createSoundInternal             : exinfo->cbsize             = 224
[LOG] SystemI::createSoundInternal             : exinfo->length             = 1321920
[LOG] SystemI::createSoundInternal             : exinfo->fileoffset         = 14976
[LOG] SystemI::createSoundInternal             : exinfo->numsubsounds       = 1
[LOG] SystemI::createSoundInternal             : exinfo->inclusionlist      = 0000004B052FF23C
[LOG] SystemI::createSoundInternal             : exinfo->inclusionlistnum   = 1
[LOG] SystemI::createSoundInternal             : exinfo->suggestedsoundtype = 5
[LOG] SystemI::createSoundInternal             : exinfo->useropen           = 00007FFAEBEBC2D0
[LOG] SystemI::createSoundInternal             : exinfo->userclose          = 00007FFAEBEBC2A0
[LOG] SystemI::createSoundInternal             : exinfo->userread           = 00007FFAEBEBC3A0
[LOG] SystemI::createSoundInternal             : exinfo->userseek           = 00007FFAEBEBC460
[LOG] SystemI::createSoundInternal             : exinfo->fileuserdata       = 0000015428391568
[LOG] SystemI::createSoundInternal             : exinfo->initialseekpostype = 1
[LOG] SystemI::DSPCodecPoolRegister            : register codec pool for pool type 5
[LOG] SystemI::createSoundInternal             : Sample 0/1: name='Bush Rustle 2', format=2, channels=2, frequency=48000, lengthbytes=73216, lengthpcm=336000, pcmblocksize=0, loopstart=0, loopend=0, mode=0x00000000, channelmask=0x00000000, channelorder=0, peakvolume=0.186668.
[LOG] SystemI::createSoundInternal             : Create name='', mode=0x02000202
[LOG] SystemI::createSoundInternal             : exinfo->cbsize             = 224
[LOG] SystemI::createSoundInternal             : exinfo->length             = 1321920
[LOG] SystemI::createSoundInternal             : exinfo->fileoffset         = 14976
[LOG] SystemI::createSoundInternal             : exinfo->numsubsounds       = 1
[LOG] SystemI::createSoundInternal             : exinfo->inclusionlist      = 0000004B052FF23C
[LOG] SystemI::createSoundInternal             : exinfo->inclusionlistnum   = 1
[LOG] SystemI::createSoundInternal             : exinfo->suggestedsoundtype = 5
[LOG] SystemI::createSoundInternal             : exinfo->useropen           = 00007FFAEBEBC2D0
[LOG] SystemI::createSoundInternal             : exinfo->userclose          = 00007FFAEBEBC2A0
[LOG] SystemI::createSoundInternal             : exinfo->userread           = 00007FFAEBEBC3A0
[LOG] SystemI::createSoundInternal             : exinfo->userseek           = 00007FFAEBEBC460
[LOG] SystemI::createSoundInternal             : exinfo->fileuserdata       = 0000015428391568
[LOG] SystemI::createSoundInternal             : exinfo->initialseekpostype = 1
[LOG] SystemI::DSPCodecPoolRegister            : register codec pool for pool type 5
[LOG] SystemI::createSoundInternal             : Sample 0/1: name='Wolf Howl 2', format=2, channels=2, frequency=48000, lengthbytes=79168, lengthpcm=402828, pcmblocksize=0, loopstart=0, loopend=0, mode=0x00000000, channelmask=0x00000000, channelorder=0, peakvolume=0.048420.
[LOG] SystemI::createSoundInternal             : Create name='', mode=0x02000202
[LOG] SystemI::createSoundInternal             : exinfo->cbsize             = 224
[LOG] SystemI::createSoundInternal             : exinfo->length             = 1321920
[LOG] SystemI::createSoundInternal             : exinfo->fileoffset         = 14976
[LOG] SystemI::createSoundInternal             : exinfo->numsubsounds       = 1
[LOG] SystemI::createSoundInternal             : exinfo->inclusionlist      = 0000004B052FF23C
[LOG] SystemI::createSoundInternal             : exinfo->inclusionlistnum   = 1
[LOG] SystemI::createSoundInternal             : exinfo->suggestedsoundtype = 5
[LOG] SystemI::createSoundInternal             : exinfo->useropen           = 00007FFAEBEBC2D0
[LOG] SystemI::createSoundInternal             : exinfo->userclose          = 00007FFAEBEBC2A0
[LOG] SystemI::createSoundInternal             : exinfo->userread           = 00007FFAEBEBC3A0
[LOG] SystemI::createSoundInternal             : exinfo->userseek           = 00007FFAEBEBC460
[LOG] SystemI::createSoundInternal             : exinfo->fileuserdata       = 0000015428391568
[LOG] SystemI::createSoundInternal             : exinfo->initialseekpostype = 1
[LOG] SystemI::DSPCodecPoolRegister            : register codec pool for pool type 5
[LOG] SystemI::createSoundInternal             : Sample 0/1: name='Raven Tweet 2', format=2, channels=2, frequency=48000, lengthbytes=11744, lengthpcm=101369, pcmblocksize=0, loopstart=0, loopend=0, mode=0x00000000, channelmask=0x00000000, channelorder=0, peakvolume=0.028868.
[LOG] SystemI::createSoundInternal             : Create name='', mode=0x02000202
[LOG] SystemI::createSoundInternal             : exinfo->cbsize             = 224
[LOG] SystemI::createSoundInternal             : exinfo->length             = 1321920
[LOG] SystemI::createSoundInternal             : exinfo->fileoffset         = 14976
[LOG] SystemI::createSoundInternal             : exinfo->numsubsounds       = 1
[LOG] SystemI::createSoundInternal             : exinfo->inclusionlist      = 0000004B052FF23C
[LOG] SystemI::createSoundInternal             : exinfo->inclusionlistnum   = 1
[LOG] SystemI::createSoundInternal             : exinfo->suggestedsoundtype = 5
[LOG] SystemI::createSoundInternal             : exinfo->useropen           = 00007FFAEBEBC2D0
[LOG] SystemI::createSoundInternal             : exinfo->userclose          = 00007FFAEBEBC2A0
[LOG] SystemI::createSoundInternal             : exinfo->userread           = 00007FFAEBEBC3A0
[LOG] SystemI::createSoundInternal             : exinfo->userseek           = 00007FFAEBEBC460
[LOG] SystemI::createSoundInternal             : exinfo->fileuserdata       = 0000015428391568
[LOG] SystemI::createSoundInternal             : exinfo->initialseekpostype = 1
[LOG] SystemI::DSPCodecPoolRegister            : register codec pool for pool type 5
[LOG] SystemI::createSoundInternal             : Sample 0/1: name='Raven Caw 2', format=2, channels=2, frequency=48000, lengthbytes=3616, lengthpcm=64644, pcmblocksize=0, loopstart=0, loopend=0, mode=0x00000000, channelmask=0x00000000, channelorder=0, peakvolume=0.044284.
[LOG] SystemI::createSound                     : filename = FMOD Project File (Audio Design)/Build/Desktop/Ambience Bank.bank : mode 02010082
[LOG] SystemI::createSound                     : FMOD_NONBLOCKING specified.  Putting into queue to be opened asynchronously!
[LOG] SystemI::createSound                     : setdata soundi = 00000154D03DE578 : node = 000001542AEE8A20
[LOG] SystemI::createSound                     : add node to async list : head = 00000154CE0359F8.  list count = 0
[LOG] AsyncThread::threadFunc                  : Starting Asynchronous operation on sound 00000154D03DE578
[LOG] SystemI::createSoundInternal             :     Create name='FMOD Project File (Audio Design)/Build/Desktop/Ambience Bank.bank', mode=0x02010082
[LOG] SystemI::createSoundInternal             :     exinfo->cbsize             = 224
[LOG] SystemI::createSoundInternal             :     exinfo->length             = 1321920
[LOG] SystemI::createSoundInternal             :     exinfo->fileoffset         = 14976
[LOG] SystemI::createSoundInternal             :     exinfo->numsubsounds       = 1
[LOG] SystemI::createSoundInternal             :     exinfo->inclusionlist      = 000001542AEE8B30
[LOG] SystemI::createSoundInternal             :     exinfo->inclusionlistnum   = 1
[LOG] SystemI::createSoundInternal             :     exinfo->suggestedsoundtype = 5
[LOG] SystemI::createSoundInternal             :     exinfo->initialseekpostype = 1
[LOG] SystemI::createSoundInternal             :     Stream 0/1: name='Ambience Loop 2', format=2, channels=2, frequency=48000, lengthbytes=426496, lengthpcm=1512000, pcmblocksize=0, loopstart=0, loopend=0, mode=0x00000000, channelmask=0x00000000, channelorder=0, peakvolume=0.011757.
[LOG] AsyncThread::threadFunc                  : Finished Asynchronous operation on sound 00000154D03DE578
[LOG] SoundI::getSubSound                      : sound 00000154D03DE578.  Subsound index 0 / 1
[LOG] SoundI::release                          :  (00000154D03DCD78)
[LOG] SoundI::release                          :     Raven Caw 1 (000001542A4F7FF8)
[LOG] SoundI::release                          :  (00000154D03DC4D8)
[LOG] SoundI::release                          :     Raven Caw 2 (00000154D0286F58)
[LOG] SoundI::release                          :  (00000154D02B67A8)
[LOG] SoundI::release                          :     Raven Tweet 1 (000001542A4F7E58)
[LOG] SoundI::release                          :  (00000154D03DBF18)
[LOG] SoundI::release                          :     Raven Tweet 2 (00000154D0287298)
[LOG] SoundI::release                          :  (00000154D02B6638)
[LOG] SoundI::release                          :     Wolf Howl 1 (000001542A4F7638)
[LOG] SoundI::release                          :  (00000154D03DB228)
[LOG] SoundI::release                          :     Wolf Howl 2 (00000154D02870F8)
[LOG] SoundI::release                          :  (00000154D02B6BF8)
[LOG] SoundI::release                          :     Wolf Howl 4 (000001542A4F62B8)
[LOG] SoundI::release                          :  (00000154D02B6918)
[LOG] SoundI::release                          :     Eerie Howling 2 (000001542A4F6458)
[LOG] SoundI::release                          :  (00000154CDF86ED8)
[LOG] SoundI::release                          :     Eerie Howling 3 (000001542A4F7CB8)
[LOG] SoundI::release                          :  (00000154D02B61E8)
[LOG] SoundI::release                          :     Eerie Howling 4 (000001542A4F6118)
[LOG] SoundI::release                          :  (00000154D02B6A88)
[LOG] SoundI::release                          :     Eerie Howling 5 (000001542A4F65F8)
[LOG] SoundI::release                          :  (00000154D02B64C8)
[LOG] SoundI::release                          :     Macaw Stressed 1 (000001542A4F7B18)
[LOG] SoundI::release                          :  (00000154D02B6D68)
[LOG] SoundI::release                          :     Macaw Stressed 2 (000001542A4F7498)
[LOG] SoundI::release                          :  (00000154D03DB508)
[LOG] SoundI::release                          :     Bush Rustle 1 (00000154D02868D8)
[LOG] SoundI::release                          :  (00000154D03DB7E8)
[LOG] SoundI::release                          :     Bush Rustle 2 (00000154D0286258)
[LOG] SoundI::release                          : Ambience Loop 2 (00000154D03DE578)
[LOG] SoundI::release                          :     Ambience Loop 2 (00000154D01150B8)
[LOG] SoundI::release                          :     Ambience Loop 2 (0000015425883218)
[LOG] Manager::readBank                        : fileversion = 100, compatVersion = 99 (oldest = 44, newest = 125)
[LOG] PlaybackSystem::acquireMasterBus         : Setting master channel group format to 6
[LOG] Manager::readBank                        : fileversion = 100, compatVersion = 99 (oldest = 44, newest = 125)
[LOG] SystemI::createSoundInternal             : Create name='', mode=0x02000202
[LOG] SystemI::createSoundInternal             : exinfo->cbsize             = 224
[LOG] SystemI::createSoundInternal             : exinfo->length             = 338848
[LOG] SystemI::createSoundInternal             : exinfo->fileoffset         = 5824
[LOG] SystemI::createSoundInternal             : exinfo->numsubsounds       = 1
[LOG] SystemI::createSoundInternal             : exinfo->inclusionlist      = 0000004B052FF23C
[LOG] SystemI::createSoundInternal             : exinfo->inclusionlistnum   = 1
[LOG] SystemI::createSoundInternal             : exinfo->suggestedsoundtype = 5
[LOG] SystemI::createSoundInternal             : exinfo->useropen           = 00007FFAEBEBC2D0
[LOG] SystemI::createSoundInternal             : exinfo->userclose          = 00007FFAEBEBC2A0
[LOG] SystemI::createSoundInternal             : exinfo->userread           = 00007FFAEBEBC3A0
[LOG] SystemI::createSoundInternal             : exinfo->userseek           = 00007FFAEBEBC460
[LOG] SystemI::createSoundInternal             : exinfo->fileuserdata       = 00000154CDF88AD8
[LOG] SystemI::createSoundInternal             : exinfo->initialseekpostype = 1
[LOG] SystemI::DSPCodecPoolRegister            : register codec pool for pool type 5
[LOG] SystemI::createSoundInternal             : Sample 0/1: name='Ghost Noise 1', format=2, channels=2, frequency=48000, lengthbytes=29856, lengthpcm=169966, pcmblocksize=0, loopstart=0, loopend=0, mode=0x00000000, channelmask=0x00000000, channelorder=0, peakvolume=0.077187.
[LOG] SystemI::createSoundInternal             : Create name='', mode=0x02000202
[LOG] SystemI::createSoundInternal             : exinfo->cbsize             = 224
[LOG] SystemI::createSoundInternal             : exinfo->length             = 338848
[LOG] SystemI::createSoundInternal             : exinfo->fileoffset         = 5824
[LOG] SystemI::createSoundInternal             : exinfo->numsubsounds       = 1
[LOG] SystemI::createSoundInternal             : exinfo->inclusionlist      = 0000004B052FF23C
[LOG] SystemI::createSoundInternal             : exinfo->inclusionlistnum   = 1
[LOG] SystemI::createSoundInternal             : exinfo->suggestedsoundtype = 5
[LOG] SystemI::createSoundInternal             : exinfo->useropen           = 00007FFAEBEBC2D0
[LOG] SystemI::createSoundInternal             : exinfo->userclose          = 00007FFAEBEBC2A0
[LOG] SystemI::createSoundInternal             : exinfo->userread           = 00007FFAEBEBC3A0
[LOG] SystemI::createSoundInternal             : exinfo->userseek           = 00007FFAEBEBC460
[LOG] SystemI::createSoundInternal             : exinfo->fileuserdata       = 00000154CDF88AD8
[LOG] SystemI::createSoundInternal             : exinfo->initialseekpostype = 1
[LOG] SystemI::DSPCodecPoolRegister            : register codec pool for pool type 5
[LOG] SystemI::createSoundInternal             : Sample 0/1: name='Ghost Noise 3', format=2, channels=2, frequency=48000, lengthbytes=36416, lengthpcm=168000, pcmblocksize=0, loopstart=0, loopend=0, mode=0x00000000, channelmask=0x00000000, channelorder=0, peakvolume=0.100082.
[LOG] SystemI::createSoundInternal             : Create name='', mode=0x02000202
[LOG] SystemI::createSoundInternal             : exinfo->cbsize             = 224
[LOG] SystemI::createSoundInternal             : exinfo->length             = 338848
[LOG] SystemI::createSoundInternal             : exinfo->fileoffset         = 5824
[LOG] SystemI::createSoundInternal             : exinfo->numsubsounds       = 1
[LOG] SystemI::createSoundInternal             : exinfo->inclusionlist      = 0000004B052FF23C
[LOG] SystemI::createSoundInternal             : exinfo->inclusionlistnum   = 1
[LOG] SystemI::createSoundInternal             : exinfo->suggestedsoundtype = 5
[LOG] SystemI::createSoundInternal             : exinfo->useropen           = 00007FFAEBEBC2D0
[LOG] SystemI::createSoundInternal             : exinfo->userclose          = 00007FFAEBEBC2A0
[LOG] SystemI::createSoundInternal             : exinfo->userread           = 00007FFAEBEBC3A0
[LOG] SystemI::createSoundInternal             : exinfo->userseek           = 00007FFAEBEBC460
[LOG] SystemI::createSoundInternal             : exinfo->fileuserdata       = 00000154CDF88AD8
[LOG] SystemI::createSoundInternal             : exinfo->initialseekpostype = 1
[LOG] SystemI::DSPCodecPoolRegister            : register codec pool for pool type 5
[LOG] SystemI::createSoundInternal             : Sample 0/1: name='Ghost Noise 5', format=2, channels=2, frequency=48000, lengthbytes=37888, lengthpcm=168000, pcmblocksize=0, loopstart=0, loopend=0, mode=0x00000000, channelmask=0x00000000, channelorder=0, peakvolume=0.051395.
[LOG] SystemI::createSoundInternal             : Create name='', mode=0x02000202
[LOG] SystemI::createSoundInternal             : exinfo->cbsize             = 224
[LOG] SystemI::createSoundInternal             : exinfo->length             = 338848
[LOG] SystemI::createSoundInternal             : exinfo->fileoffset         = 5824
[LOG] SystemI::createSoundInternal             : exinfo->numsubsounds       = 1
[LOG] SystemI::createSoundInternal             : exinfo->inclusionlist      = 0000004B052FF23C
[LOG] SystemI::createSoundInternal             : exinfo->inclusionlistnum   = 1
[LOG] SystemI::createSoundInternal             : exinfo->suggestedsoundtype = 5
[LOG] SystemI::createSoundInternal             : exinfo->useropen           = 00007FFAEBEBC2D0
[LOG] SystemI::createSoundInternal             : exinfo->userclose          = 00007FFAEBEBC2A0
[LOG] SystemI::createSoundInternal             : exinfo->userread           = 00007FFAEBEBC3A0
[LOG] SystemI::createSoundInternal             : exinfo->userseek           = 00007FFAEBEBC460
[LOG] SystemI::createSoundInternal             : exinfo->fileuserdata       = 00000154CDF88AD8
[LOG] SystemI::createSoundInternal             : exinfo->initialseekpostype = 1
[LOG] SystemI::DSPCodecPoolRegister            : register codec pool for pool type 5
[LOG] SystemI::createSoundInternal             : Sample 0/1: name='Ghost Noise 6', format=2, channels=2, frequency=48000, lengthbytes=35968, lengthpcm=168000, pcmblocksize=0, loopstart=0, loopend=0, mode=0x00000000, channelmask=0x00000000, channelorder=0, peakvolume=0.352398.
[LOG] SystemI::createSoundInternal             : Create name='', mode=0x02000202
[LOG] SystemI::createSoundInternal             : exinfo->cbsize             = 224
[LOG] SystemI::createSoundInternal             : exinfo->length             = 338848
[LOG] SystemI::createSoundInternal             : exinfo->fileoffset         = 5824
[LOG] SystemI::createSoundInternal             : exinfo->numsubsounds       = 1
[LOG] SystemI::createSoundInternal             : exinfo->inclusionlist      = 0000004B052FF23C
[LOG] SystemI::createSoundInternal             : exinfo->inclusionlistnum   = 1
[LOG] SystemI::createSoundInternal             : exinfo->suggestedsoundtype = 5
[LOG] SystemI::createSoundInternal             : exinfo->useropen           = 00007FFAEBEBC2D0
[LOG] SystemI::createSoundInternal             : exinfo->userclose          = 00007FFAEBEBC2A0
[LOG] SystemI::createSoundInternal             : exinfo->userread           = 00007FFAEBEBC3A0
[LOG] SystemI::createSoundInternal             : exinfo->userseek           = 00007FFAEBEBC460
[LOG] SystemI::createSoundInternal             : exinfo->fileuserdata       = 00000154CDF88AD8
[LOG] SystemI::createSoundInternal             : exinfo->initialseekpostype = 1
[LOG] SystemI::DSPCodecPoolRegister            : register codec pool for pool type 5
[LOG] SystemI::createSoundInternal             : Sample 0/1: name='Ghost Noise 4 ', format=2, channels=2, frequency=48000, lengthbytes=37824, lengthpcm=168000, pcmblocksize=0, loopstart=0, loopend=0, mode=0x00000000, channelmask=0x00000000, channelorder=0, peakvolume=0.114870.
[LOG] SystemI::createSoundInternal             : Create name='', mode=0x02000202
[LOG] SystemI::createSoundInternal             : exinfo->cbsize             = 224
[LOG] SystemI::createSoundInternal             : exinfo->length             = 338848
[LOG] SystemI::createSoundInternal             : exinfo->fileoffset         = 5824
[LOG] SystemI::createSoundInternal             : exinfo->numsubsounds       = 1
[LOG] SystemI::createSoundInternal             : exinfo->inclusionlist      = 0000004B052FF23C
[LOG] SystemI::createSoundInternal             : exinfo->inclusionlistnum   = 1
[LOG] SystemI::createSoundInternal             : exinfo->suggestedsoundtype = 5
[LOG] SystemI::createSoundInternal             : exinfo->useropen           = 00007FFAEBEBC2D0
[LOG] SystemI::createSoundInternal             : exinfo->userclose          = 00007FFAEBEBC2A0
[LOG] SystemI::createSoundInternal             : exinfo->userread           = 00007FFAEBEBC3A0
[LOG] SystemI::createSoundInternal             : exinfo->userseek           = 00007FFAEBEBC460
[LOG] SystemI::createSoundInternal             : exinfo->fileuserdata       = 00000154CDF88AD8
[LOG] SystemI::createSoundInternal             : exinfo->initialseekpostype = 1
[LOG] SystemI::DSPCodecPoolRegister            : register codec pool for pool type 5
[LOG] SystemI::createSoundInternal             : Sample 0/1: name='Ghost Noise 2', format=2, channels=2, frequency=48000, lengthbytes=36960, lengthpcm=168000, pcmblocksize=0, loopstart=0, loopend=0, mode=0x00000000, channelmask=0x00000000, channelorder=0, peakvolume=0.165667.
[LOG] SoundI::release                          :  (00000154D02B6918)
[LOG] SoundI::release                          :     Ghost Noise 1 (00000153CE097B88)
[LOG] SoundI::release                          :  (00000154D02B61E8)
[LOG] SoundI::release                          :     Ghost Noise 2 (00000154D02DE088)
[LOG] SoundI::release                          :  (00000154D02B6638)
[LOG] SoundI::release                          :     Ghost Noise 3 (00000154D02DDEE8)
[LOG] SoundI::release                          :  (00000154D02B6A88)
[LOG] SoundI::release                          :     Ghost Noise 4  (00000154D02DE228)
[LOG] SoundI::release                          :  (00000154D02B6D68)
[LOG] SoundI::release                          :     Ghost Noise 5 (00000154D02DD6C8)
[LOG] SoundI::release                          :  (00000154D02B64C8)
[LOG] SoundI::release                          :     Ghost Noise 6 (00000154D02DDA08)
[LOG] Thread::callback                         : FMOD Studio bank load thread finished.
[LOG] Thread::callback                         : FMOD Studio sample load thread finished.
[LOG] LiveUpdate::release                      : 
[LOG] LiveUpdate::reset                        : Reset connection (reason Disconnected)
[LOG] Thread::callback                         : FMOD stream thread finished.
[LOG] Thread::callback                         : FMOD mixer thread finished.
[LOG] Thread::callback                         : FMOD nonblocking thread (0) finished.
[LOG] Thread::callback                         : FMOD file thread finished.
[LOG] SystemI::close                           : Closed.
